<?xml version="1.0" encoding="UTF-8"?>
<!-- Generated by org.testng.reporters.JUnitReportReporter -->
<testsuite hostname="SKCHNLAP395" failures="0" tests="1" name="testScripts.Assessment_Completion" time="0.199" errors="0" timestamp="2023-03-24T12:39:41 IST" skipped="0">
  <testcase classname="testScripts.Assessment_Completion" name="assessment_Completion" time="0.199"/>
  <system-out/>
</testsuite> <!-- testScripts.Assessment_Completion -->
