<?xml version="1.0" encoding="UTF-8"?>
<!-- Generated by org.testng.reporters.JUnitReportReporter -->
<testsuite hostname="SKCHNLAP395" failures="0" tests="1" name="testScripts.DepAnxiety_Adult_Beforelogin" time="2.013" errors="0" timestamp="2023-03-22T17:41:16 IST" skipped="0">
  <testcase classname="testScripts.DepAnxiety_Adult_Beforelogin" name="depAnxiety_Adult_Beforelogin" time="2.013"/>
  <system-out/>
</testsuite> <!-- testScripts.DepAnxiety_Adult_Beforelogin -->
