<?xml version="1.0" encoding="UTF-8"?>
<!-- Generated by org.testng.reporters.JUnitReportReporter -->
<testsuite hostname="SKCHNLAP395" failures="0" tests="1" name="testScripts.ProfileList" time="0.115" errors="0" timestamp="2023-05-17T15:55:27 IST" skipped="0">
  <testcase classname="testScripts.ProfileList" name="profileList" time="0.115"/>
  <system-out/>
</testsuite> <!-- testScripts.ProfileList -->
