<?xml version="1.0" encoding="UTF-8"?>
<!-- Generated by org.testng.reporters.JUnitReportReporter -->
<testsuite hostname="SKCHNLAP395" failures="0" tests="1" name="testScripts.SelfAssessment_Adolescent" time="1.515" errors="0" timestamp="2023-02-24T10:49:24 IST" skipped="0">
  <testcase classname="testScripts.SelfAssessment_Adolescent" name="selfAssessment_Adolescent" time="1.515"/>
  <system-out/>
</testsuite> <!-- testScripts.SelfAssessment_Adolescent -->
