<?xml version="1.0" encoding="UTF-8"?>
<!-- Generated by org.testng.reporters.JUnitReportReporter -->
<testsuite hostname="SKCHNLAP395" failures="0" tests="1" name="testScripts.SelfAssessment_Adolescent_BeforeLogin" time="1.825" errors="0" timestamp="2023-03-24T12:39:41 IST" skipped="0">
  <testcase classname="testScripts.SelfAssessment_Adolescent_BeforeLogin" name="selfAssessment_Adolescent_Questions" time="1.825"/>
  <system-out/>
</testsuite> <!-- testScripts.SelfAssessment_Adolescent_BeforeLogin -->
