<?xml version="1.0" encoding="UTF-8"?>
<!-- Generated by org.testng.reporters.JUnitReportReporter -->
<testsuite hostname="SKCHNLAP395" failures="0" tests="1" name="testScipts.Login_Patient" time="0.868" errors="0" timestamp="2023-01-02T13:18:17 IST" skipped="0">
  <testcase classname="testScipts.Login_Patient" name="login_patient" time="0.868"/>
  <system-out/>
</testsuite> <!-- testScipts.Login_Patient -->
